<?xml version="1.0" encoding="UTF-8"?>
<!-- Generated by org.testng.reporters.JUnitReportReporter -->
<testsuite hostname="serahate-4S6RKN3" failures="0" tests="5" name="testCases.TC_VideoGameAPI" time="2.093" errors="0" timestamp="2024-07-26T09:44:26 IST" skipped="0">
  <testcase classname="testCases.TC_VideoGameAPI" name="test_getAllVideoGames" time="1.081"/>
  <testcase classname="testCases.TC_VideoGameAPI" name="test_addNewVideoGame" time="0.367"/>
  <testcase classname="testCases.TC_VideoGameAPI" name="test_getVedeoGame" time="0.570"/>
  <testcase classname="testCases.TC_VideoGameAPI" name="test_UpdateVideoGame" time="0.060"/>
  <testcase classname="testCases.TC_VideoGameAPI" name="test_DeleteVideoGame" time="0.015"/>
</testsuite> <!-- testCases.TC_VideoGameAPI -->
